<?xml version="1.0" encoding="UTF-8"?>
<!-- Generated by org.testng.reporters.JUnitReportReporter -->
<testsuite hostname="Subham-PC" name="com.amazon.regression.SignInOut" tests="1" failures="0" timestamp="21 Feb 2015 13:06:03 GMT" time="6.707" errors="0">
  <testcase name="f" time="6.707" classname="com.amazon.regression.SignInOut"/>
</testsuite> <!-- com.amazon.regression.SignInOut -->
